[LOG] System::create                           : Header version = 2.02.04. Current version = 2.02.04.
[LOG] Manager::init                            : maxchannels = 256 studioflags = 00000006 flags 00000000 extradriverdata 0000000000000000.
[LOG] SystemI::init                            : Initialize version=20204 (121702), maxchannels=256, flags=0x00020000
[LOG] SystemI::setOutputInternal               : Setting output to 'FMOD WASAPI Output'
[LOG] OutputWASAPI::init                       : Mix Format (WAVEFORMATEX): wFormatTag=0xFFFE, nChannels=2, nSamplesPerSec=48000, nAvgBytesPerSec=384000, nBlockAlign=8, wBitsPerSample=32, cbSize=22.
[LOG] OutputWASAPI::init                       : Mix Format (WAVEFORMATEXTENSIBLE): wValidBitsPerSample=32, dwChannelMask=0x00000003, SubFormat=00000003-0000-0010-8000-00AA00389B71.
[LOG] OutputWASAPI::init                       : Output buffer size: 4096 samples, latency: 0.00ms, period: 10.00ms, DSP buffer: 1024 * 4
[LOG] Thread::initThread                       : Init FMOD stream thread. Affinity: 0x4000000000000003, Priority: 0xFFFF7FFB, Stack Size: 98304, Semaphore: No, Sleep Time: 10, Looping: Yes.
[LOG] Thread::initThread                       : Init FMOD mixer thread. Affinity: 0x4000000000000001, Priority: 0xFFFF7FFA, Stack Size: 81920, Semaphore: No, Sleep Time: 0, Looping: Yes.
[LOG] AsyncManager::init                       : manager 0000017975B19818 isAsync 0 updatePeriod 0.02
[LOG] AsyncManager::init                       : done
[LOG] PlaybackSystem::init                     : 
[LOG] Thread::initThread                       : Init FMOD Studio sample load thread. Affinity: 0x4000000000000003, Priority: 0xFFFF7FFD, Stack Size: 98304, Semaphore: No, Sleep Time: 1, Looping: No.
[LOG] PlaybackSystem::init                     : done
[LOG] Thread::initThread                       : Init FMOD Studio bank load thread. Affinity: 0x4000000000000003, Priority: 0xFFFF7FFD, Stack Size: 98304, Semaphore: No, Sleep Time: 1, Looping: No.
[LOG] Manager::init                            : done.
[LOG] Manager::readBank                        : fileversion = 142, compatVersion = 140 (oldest = 44, newest = 141)
[LOG] Manager::readBank                        : fileversion = 142, compatVersion = 140 (oldest = 44, newest = 141)
[LOG] Manager::readBank                        : fileversion = 142, compatVersion = 140 (oldest = 44, newest = 141)
[LOG] PluginEffectModel::init                  : Missing DSP plugin 'Resonance Audio Listener'
[LOG] PostLoad::initPluginEffects              : Creating stub DSP plugin model and continuing.
[WRN] EffectInstanceFactory::create            : Creating stub DSP for plugin 'Resonance Audio Listener'
[LOG] PlaybackSystem::acquireMasterBus         : Setting master channel group format to 3
[LOG] Manager::readBank                        : fileversion = 142, compatVersion = 140 (oldest = 44, newest = 141)
[LOG] PluginEffectModel::init                  : Missing DSP plugin 'Resonance Audio Source'
[LOG] PostLoad::initPluginEffects              : Creating stub DSP plugin model and continuing.
[LOG] PluginEffectModel::init                  : Missing DSP plugin 'Resonance Audio Source'
[LOG] PostLoad::initPluginEffects              : Creating stub DSP plugin model and continuing.
[LOG] PluginEffectModel::init                  : Missing DSP plugin 'Resonance Audio Source'
[LOG] PostLoad::initPluginEffects              : Creating stub DSP plugin model and continuing.
[LOG] PluginEffectModel::init                  : Missing DSP plugin 'Resonance Audio Source'
[LOG] PostLoad::initPluginEffects              : Creating stub DSP plugin model and continuing.
[LOG] SystemI::createSound                     : filename = FMODProject/Build/Desktop/SFX.bank : mode 02010082
[LOG] SystemI::createSound                     : FMOD_NONBLOCKING specified.  Putting into queue to be opened asynchronously!
[LOG] SystemI::createSound                     : setdata soundi = 000001785B5AEB48 : node = 0000017858B6F6F0
[LOG] SystemI::createSound                     : add node to async list : head = 00000178A0FA3788.  list count = 0
[LOG] AsyncThread::threadFunc                  : Starting Asynchronous operation on sound 000001785B5AEB48
[LOG] SystemI::createSoundInternal             :     Create name='FMODProject/Build/Desktop/SFX.bank', mode=0x02010082
[LOG] SystemI::createSoundInternal             :     exinfo->cbsize             = 224
[LOG] SystemI::createSoundInternal             :     exinfo->length             = 13127264
[LOG] SystemI::createSoundInternal             :     exinfo->fileoffset         = 101440
[LOG] SystemI::createSoundInternal             :     exinfo->numsubsounds       = 1
[LOG] SystemI::createSoundInternal             :     exinfo->inclusionlist      = 0000017858B6F800
[LOG] SystemI::createSoundInternal             :     exinfo->inclusionlistnum   = 1
[LOG] SystemI::createSoundInternal             :     exinfo->suggestedsoundtype = 5
[LOG] SystemI::createSoundInternal             :     exinfo->initialseekpostype = 1
[LOG] SystemI::createSoundInternal             :     Stream 0/1: name='Companion Movement-011', format=5, channels=2, frequency=48000, lengthbytes=197312, lengthpcm=703871, pcmblocksize=0, loopstart=0, loopend=0, mode=0x00000000, channelmask=0x00000000, channelorder=0, peakvolume=0.403618.
[LOG] AsyncThread::threadFunc                  : Finished Asynchronous operation on sound 000001785B5AEB48
[LOG] SystemI::createSound                     : filename = FMODProject/Build/Desktop/SFX.bank : mode 02010082
[LOG] SystemI::createSound                     : FMOD_NONBLOCKING specified.  Putting into queue to be opened asynchronously!
[LOG] SystemI::createSound                     : setdata soundi = 000001785B5AEEA8 : node = 0000017858B6F1F0
[LOG] SystemI::createSound                     : add node to async list : head = 00000178A0FA3788.  list count = 0
[LOG] AsyncThread::threadFunc                  : Starting Asynchronous operation on sound 000001785B5AEEA8
[LOG] SystemI::createSoundInternal             :     Create name='FMODProject/Build/Desktop/SFX.bank', mode=0x02010082
[LOG] SystemI::createSoundInternal             :     exinfo->cbsize             = 224
[LOG] SystemI::createSoundInternal             :     exinfo->length             = 13127264
[LOG] SystemI::createSoundInternal             :     exinfo->fileoffset         = 101440
[LOG] SystemI::createSoundInternal             :     exinfo->numsubsounds       = 1
[LOG] SystemI::createSoundInternal             :     exinfo->inclusionlist      = 0000017858B6F300
[LOG] SystemI::createSoundInternal             :     exinfo->inclusionlistnum   = 1
[LOG] SystemI::createSoundInternal             :     exinfo->suggestedsoundtype = 5
[LOG] SystemI::createSoundInternal             :     exinfo->initialseekpostype = 1
[LOG] SystemI::createSoundInternal             :     Stream 0/1: name='Companion Movement-011', format=5, channels=2, frequency=48000, lengthbytes=197312, lengthpcm=703871, pcmblocksize=0, loopstart=0, loopend=0, mode=0x00000000, channelmask=0x00000000, channelorder=0, peakvolume=0.403618.
[LOG] AsyncThread::threadFunc                  : Finished Asynchronous operation on sound 000001785B5AEEA8
[LOG] SystemI::createSound                     : filename = FMODProject/Build/Desktop/SFX.bank : mode 02010082
[LOG] SystemI::createSound                     : FMOD_NONBLOCKING specified.  Putting into queue to be opened asynchronously!
[LOG] SystemI::createSound                     : setdata soundi = 000001785B5AF058 : node = 0000017858B6F330
[LOG] SystemI::createSound                     : add node to async list : head = 00000178A0FA3788.  list count = 0
[LOG] AsyncThread::threadFunc                  : Starting Asynchronous operation on sound 000001785B5AF058
[LOG] SystemI::createSoundInternal             :     Create name='FMODProject/Build/Desktop/SFX.bank', mode=0x02010082
[LOG] SystemI::createSoundInternal             :     exinfo->cbsize             = 224
[LOG] SystemI::createSoundInternal             :     exinfo->length             = 13127264
[LOG] SystemI::createSoundInternal             :     exinfo->fileoffset         = 101440
[LOG] SystemI::createSoundInternal             :     exinfo->numsubsounds       = 1
[LOG] SystemI::createSoundInternal             :     exinfo->inclusionlist      = 0000017858B6F440
[LOG] SystemI::createSoundInternal             :     exinfo->inclusionlistnum   = 1
[LOG] SystemI::createSoundInternal             :     exinfo->suggestedsoundtype = 5
[LOG] SystemI::createSoundInternal             :     exinfo->initialseekpostype = 1
[LOG] SystemI::createSoundInternal             :     Stream 0/1: name='Companion Movement-011', format=5, channels=2, frequency=48000, lengthbytes=197312, lengthpcm=703871, pcmblocksize=0, loopstart=0, loopend=0, mode=0x00000000, channelmask=0x00000000, channelorder=0, peakvolume=0.403618.
[LOG] AsyncThread::threadFunc                  : Finished Asynchronous operation on sound 000001785B5AF058
[LOG] SystemI::createSound                     : filename = FMODProject/Build/Desktop/SFX.bank : mode 02010082
[LOG] SystemI::createSound                     : FMOD_NONBLOCKING specified.  Putting into queue to be opened asynchronously!
[LOG] SystemI::createSound                     : setdata soundi = 000001785B5AE128 : node = 0000017858B6F470
[LOG] SystemI::createSound                     : add node to async list : head = 00000178A0FA3788.  list count = 0
[LOG] AsyncThread::threadFunc                  : Starting Asynchronous operation on sound 000001785B5AE128
[LOG] SystemI::createSoundInternal             :     Create name='FMODProject/Build/Desktop/SFX.bank', mode=0x02010082
[LOG] SystemI::createSoundInternal             :     exinfo->cbsize             = 224
[LOG] SystemI::createSoundInternal             :     exinfo->length             = 13127264
[LOG] SystemI::createSoundInternal             :     exinfo->fileoffset         = 101440
[LOG] SystemI::createSoundInternal             :     exinfo->numsubsounds       = 1
[LOG] SystemI::createSoundInternal             :     exinfo->inclusionlist      = 0000017858B6F580
[LOG] SystemI::createSoundInternal             :     exinfo->inclusionlistnum   = 1
[LOG] SystemI::createSoundInternal             :     exinfo->suggestedsoundtype = 5
[LOG] SystemI::createSoundInternal             :     exinfo->initialseekposition = 1000
[LOG] SystemI::createSoundInternal             :     exinfo->initialseekpostype = 1
[LOG] SystemI::createSoundInternal             :     Stream 0/1: name='Laser Shot Take 2-002', format=5, channels=2, frequency=48000, lengthbytes=11328, lengthpcm=1249236, pcmblocksize=0, loopstart=0, loopend=0, mode=0x00000000, channelmask=0x00000000, channelorder=0, peakvolume=0.665106.
[LOG] AsyncThread::threadFunc                  : Finished Asynchronous operation on sound 000001785B5AE128
[LOG] SystemI::createSound                     : filename = FMODProject/Build/Desktop/SFX.bank : mode 02010082
[LOG] SystemI::createSound                     : FMOD_NONBLOCKING specified.  Putting into queue to be opened asynchronously!
[LOG] SystemI::createSound                     : setdata soundi = 000001794E0B9A88 : node = 0000017987219350
[LOG] SystemI::createSound                     : add node to async list : head = 00000178A0FA3788.  list count = 0
[LOG] AsyncThread::threadFunc                  : Starting Asynchronous operation on sound 000001794E0B9A88
[LOG] SystemI::createSoundInternal             :     Create name='FMODProject/Build/Desktop/SFX.bank', mode=0x02010082
[LOG] SystemI::createSoundInternal             :     exinfo->cbsize             = 224
[LOG] SystemI::createSoundInternal             :     exinfo->length             = 13127264
[LOG] SystemI::createSoundInternal             :     exinfo->fileoffset         = 101440
[LOG] SystemI::createSoundInternal             :     exinfo->numsubsounds       = 1
[LOG] SystemI::createSoundInternal             :     exinfo->inclusionlist      = 0000017987219460
[LOG] SystemI::createSoundInternal             :     exinfo->inclusionlistnum   = 1
[LOG] SystemI::createSoundInternal             :     exinfo->suggestedsoundtype = 5
[LOG] SystemI::createSoundInternal             :     exinfo->initialseekposition = 1000
[LOG] SystemI::createSoundInternal             :     exinfo->initialseekpostype = 1
[LOG] SystemI::createSoundInternal             :     Stream 0/1: name='Laser Shot Take 2-002', format=5, channels=2, frequency=48000, lengthbytes=11328, lengthpcm=1249236, pcmblocksize=0, loopstart=0, loopend=0, mode=0x00000000, channelmask=0x00000000, channelorder=0, peakvolume=0.665106.
[LOG] AsyncThread::threadFunc                  : Finished Asynchronous operation on sound 000001794E0B9A88
[LOG] SoundI::release                          : Laser Shot Take 2-002 (000001785B5AE128)
[LOG] SoundI::release                          :     Laser Shot Take 2-002 (00000178A0C9D5A8)
[LOG] SoundI::release                          :     Laser Shot Take 2-002 (000001794E0BA4A8)
[LOG] SystemI::createSound                     : filename = FMODProject/Build/Desktop/SFX.bank : mode 02010082
[LOG] SystemI::createSound                     : FMOD_NONBLOCKING specified.  Putting into queue to be opened asynchronously!
[LOG] SystemI::createSound                     : setdata soundi = 000001794E080E48 : node = 000001785CEA7710
[LOG] SystemI::createSound                     : add node to async list : head = 00000178A0FA3788.  list count = 0
[LOG] AsyncThread::threadFunc                  : Starting Asynchronous operation on sound 000001794E080E48
[LOG] SystemI::createSoundInternal             :     Create name='FMODProject/Build/Desktop/SFX.bank', mode=0x02010082
[LOG] SystemI::createSoundInternal             :     exinfo->cbsize             = 224
[LOG] SystemI::createSoundInternal             :     exinfo->length             = 13127264
[LOG] SystemI::createSoundInternal             :     exinfo->fileoffset         = 101440
[LOG] SystemI::createSoundInternal             :     exinfo->numsubsounds       = 1
[LOG] SystemI::createSoundInternal             :     exinfo->inclusionlist      = 000001785CEA7820
[LOG] SystemI::createSoundInternal             :     exinfo->inclusionlistnum   = 1
[LOG] SystemI::createSoundInternal             :     exinfo->suggestedsoundtype = 5
[LOG] SystemI::createSoundInternal             :     exinfo->initialseekposition = 1000
[LOG] SystemI::createSoundInternal             :     exinfo->initialseekpostype = 1
[LOG] SystemI::createSoundInternal             :     Stream 0/1: name='Laser Shot Take 2-002', format=5, channels=2, frequency=48000, lengthbytes=11328, lengthpcm=1249236, pcmblocksize=0, loopstart=0, loopend=0, mode=0x00000000, channelmask=0x00000000, channelorder=0, peakvolume=0.665106.
[LOG] AsyncThread::threadFunc                  : Finished Asynchronous operation on sound 000001794E080E48
[LOG] SystemI::createSound                     : filename = FMODProject/Build/Desktop/SFX.bank : mode 02010082
[LOG] SystemI::createSound                     : FMOD_NONBLOCKING specified.  Putting into queue to be opened asynchronously!
[LOG] SystemI::createSound                     : setdata soundi = 000001794E080AE8 : node = 000001785CEA75D0
[LOG] SystemI::createSound                     : add node to async list : head = 00000178A0FA3788.  list count = 0
[LOG] AsyncThread::threadFunc                  : Starting Asynchronous operation on sound 000001794E080AE8
[LOG] SystemI::createSoundInternal             :     Create name='FMODProject/Build/Desktop/SFX.bank', mode=0x02010082
[LOG] SystemI::createSoundInternal             :     exinfo->cbsize             = 224
[LOG] SystemI::createSoundInternal             :     exinfo->length             = 13127264
[LOG] SystemI::createSoundInternal             :     exinfo->fileoffset         = 101440
[LOG] SystemI::createSoundInternal             :     exinfo->numsubsounds       = 1
[LOG] SystemI::createSoundInternal             :     exinfo->inclusionlist      = 000001785CEA76E0
[LOG] SystemI::createSoundInternal             :     exinfo->inclusionlistnum   = 1
[LOG] SystemI::createSoundInternal             :     exinfo->suggestedsoundtype = 5
[LOG] SystemI::createSoundInternal             :     exinfo->initialseekposition = 1000
[LOG] SystemI::createSoundInternal             :     exinfo->initialseekpostype = 1
[LOG] SystemI::createSoundInternal             :     Stream 0/1: name='Laser Shot Take 2-002', format=5, channels=2, frequency=48000, lengthbytes=11328, lengthpcm=1249236, pcmblocksize=0, loopstart=0, loopend=0, mode=0x00000000, channelmask=0x00000000, channelorder=0, peakvolume=0.665106.
[LOG] AsyncThread::threadFunc                  : Finished Asynchronous operation on sound 000001794E080AE8
[LOG] SoundI::release                          : Laser Shot Take 2-002 (000001794E0B9A88)
[LOG] SoundI::release                          :     Laser Shot Take 2-002 (00000178A0C960A8)
[LOG] SoundI::release                          :     Laser Shot Take 2-002 (000001794E080938)
[LOG] SystemI::createSound                     : filename = FMODProject/Build/Desktop/SFX.bank : mode 02010082
[LOG] SystemI::createSound                     : FMOD_NONBLOCKING specified.  Putting into queue to be opened asynchronously!
[LOG] SystemI::createSound                     : setdata soundi = 000001794E081508 : node = 000001785CEA7350
[LOG] SystemI::createSound                     : add node to async list : head = 00000178A0FA3788.  list count = 0
[LOG] AsyncThread::threadFunc                  : Starting Asynchronous operation on sound 000001794E081508
[LOG] SystemI::createSoundInternal             :     Create name='FMODProject/Build/Desktop/SFX.bank', mode=0x02010082
[LOG] SystemI::createSoundInternal             :     exinfo->cbsize             = 224
[LOG] SystemI::createSoundInternal             :     exinfo->length             = 13127264
[LOG] SystemI::createSoundInternal             :     exinfo->fileoffset         = 101440
[LOG] SystemI::createSoundInternal             :     exinfo->numsubsounds       = 1
[LOG] SystemI::createSoundInternal             :     exinfo->inclusionlist      = 000001785CEA7460
[LOG] SystemI::createSoundInternal             :     exinfo->inclusionlistnum   = 1
[LOG] SystemI::createSoundInternal             :     exinfo->suggestedsoundtype = 5
[LOG] SystemI::createSoundInternal             :     exinfo->initialseekposition = 1000
[LOG] SystemI::createSoundInternal             :     exinfo->initialseekpostype = 1
[LOG] SystemI::createSoundInternal             :     Stream 0/1: name='Laser Shot Take 2-002', format=5, channels=2, frequency=48000, lengthbytes=11328, lengthpcm=1249236, pcmblocksize=0, loopstart=0, loopend=0, mode=0x00000000, channelmask=0x00000000, channelorder=0, peakvolume=0.665106.
[LOG] AsyncThread::threadFunc                  : Finished Asynchronous operation on sound 000001794E081508
[LOG] SoundI::release                          : Laser Shot Take 2-002 (000001794E080E48)
[LOG] SoundI::release                          :     Laser Shot Take 2-002 (00000178A0C9C568)
[LOG] SoundI::release                          :     Laser Shot Take 2-002 (000001794E0BA4A8)
[LOG] SystemI::createSound                     : filename = FMODProject/Build/Desktop/SFX.bank : mode 02010082
[LOG] SystemI::createSound                     : FMOD_NONBLOCKING specified.  Putting into queue to be opened asynchronously!
[LOG] SystemI::createSound                     : setdata soundi = 000001794E080E48 : node = 000001785CEA7490
[LOG] SystemI::createSound                     : add node to async list : head = 00000178A0FA3788.  list count = 0
[LOG] AsyncThread::threadFunc                  : Starting Asynchronous operation on sound 000001794E080E48
[LOG] SystemI::createSoundInternal             :     Create name='FMODProject/Build/Desktop/SFX.bank', mode=0x02010082
[LOG] SystemI::createSoundInternal             :     exinfo->cbsize             = 224
[LOG] SystemI::createSoundInternal             :     exinfo->length             = 13127264
[LOG] SystemI::createSoundInternal             :     exinfo->fileoffset         = 101440
[LOG] SystemI::createSoundInternal             :     exinfo->numsubsounds       = 1
[LOG] SystemI::createSoundInternal             :     exinfo->inclusionlist      = 000001785CEA75A0
[LOG] SystemI::createSoundInternal             :     exinfo->inclusionlistnum   = 1
[LOG] SystemI::createSoundInternal             :     exinfo->suggestedsoundtype = 5
[LOG] SystemI::createSoundInternal             :     exinfo->initialseekposition = 1000
[LOG] SystemI::createSoundInternal             :     exinfo->initialseekpostype = 1
[LOG] SystemI::createSoundInternal             :     Stream 0/1: name='Laser Shot Take 2-002', format=5, channels=2, frequency=48000, lengthbytes=11328, lengthpcm=1249236, pcmblocksize=0, loopstart=0, loopend=0, mode=0x00000000, channelmask=0x00000000, channelorder=0, peakvolume=0.665106.
[LOG] AsyncThread::threadFunc                  : Finished Asynchronous operation on sound 000001794E080E48
[LOG] SoundI::release                          : Laser Shot Take 2-002 (000001794E080AE8)
[LOG] SoundI::release                          :     Laser Shot Take 2-002 (00000178A0C99B28)
[LOG] SoundI::release                          :     Laser Shot Take 2-002 (000001794E0B9C38)
[LOG] SystemI::createSound                     : filename = FMODProject/Build/Desktop/SFX.bank : mode 02010082
[LOG] SystemI::createSound                     : FMOD_NONBLOCKING specified.  Putting into queue to be opened asynchronously!
[LOG] SystemI::createSound                     : setdata soundi = 000001794E080938 : node = 000001785CEA7850
[LOG] SystemI::createSound                     : add node to async list : head = 00000178A0FA3788.  list count = 0
[LOG] AsyncThread::threadFunc                  : Starting Asynchronous operation on sound 000001794E080938
[LOG] SystemI::createSoundInternal             :     Create name='FMODProject/Build/Desktop/SFX.bank', mode=0x02010082
[LOG] SystemI::createSoundInternal             :     exinfo->cbsize             = 224
[LOG] SystemI::createSoundInternal             :     exinfo->length             = 13127264
[LOG] SystemI::createSoundInternal             :     exinfo->fileoffset         = 101440
[LOG] SystemI::createSoundInternal             :     exinfo->numsubsounds       = 1
[LOG] SystemI::createSoundInternal             :     exinfo->inclusionlist      = 000001785CEA7960
[LOG] SystemI::createSoundInternal             :     exinfo->inclusionlistnum   = 1
[LOG] SystemI::createSoundInternal             :     exinfo->suggestedsoundtype = 5
[LOG] SystemI::createSoundInternal             :     exinfo->initialseekposition = 1000
[LOG] SystemI::createSoundInternal             :     exinfo->initialseekpostype = 1
[LOG] SystemI::createSoundInternal             :     Stream 0/1: name='Laser Shot Take 2-002', format=5, channels=2, frequency=48000, lengthbytes=11328, lengthpcm=1249236, pcmblocksize=0, loopstart=0, loopend=0, mode=0x00000000, channelmask=0x00000000, channelorder=0, peakvolume=0.665106.
[LOG] AsyncThread::threadFunc                  : Finished Asynchronous operation on sound 000001794E080938
[LOG] SoundI::release                          : Laser Shot Take 2-002 (000001794E081508)
[LOG] SoundI::release                          :     Laser Shot Take 2-002 (00000178A0C92FE8)
[LOG] SoundI::release                          :     Laser Shot Take 2-002 (000001794E0BA658)
[LOG] SystemI::createSound                     : filename = FMODProject/Build/Desktop/SFX.bank : mode 02010082
[LOG] SystemI::createSound                     : FMOD_NONBLOCKING specified.  Putting into queue to be opened asynchronously!
[LOG] SystemI::createSound                     : setdata soundi = 000001794E081508 : node = 000001785CEA75D0
[LOG] SystemI::createSound                     : add node to async list : head = 00000178A0FA3788.  list count = 0
[LOG] AsyncThread::threadFunc                  : Starting Asynchronous operation on sound 000001794E081508
[LOG] SystemI::createSoundInternal             :     Create name='FMODProject/Build/Desktop/SFX.bank', mode=0x02010082
[LOG] SystemI::createSoundInternal             :     exinfo->cbsize             = 224
[LOG] SystemI::createSoundInternal             :     exinfo->length             = 13127264
[LOG] SystemI::createSoundInternal             :     exinfo->fileoffset         = 101440
[LOG] SystemI::createSoundInternal             :     exinfo->numsubsounds       = 1
[LOG] SystemI::createSoundInternal             :     exinfo->inclusionlist      = 000001785CEA76E0
[LOG] SystemI::createSoundInternal             :     exinfo->inclusionlistnum   = 1
[LOG] SystemI::createSoundInternal             :     exinfo->suggestedsoundtype = 5
[LOG] SystemI::createSoundInternal             :     exinfo->initialseekpostype = 1
[LOG] SystemI::createSoundInternal             :     Stream 0/1: name='Wind-Picking Up Wind', format=5, channels=2, frequency=48000, lengthbytes=1178464, lengthpcm=4440047, pcmblocksize=0, loopstart=0, loopend=0, mode=0x00000000, channelmask=0x00000000, channelorder=0, peakvolume=0.294255.
[LOG] AsyncThread::threadFunc                  : Finished Asynchronous operation on sound 000001794E081508
[LOG] SystemI::createSound                     : filename = FMODProject/Build/Desktop/SFX.bank : mode 02010082
[LOG] SystemI::createSound                     : FMOD_NONBLOCKING specified.  Putting into queue to be opened asynchronously!
[LOG] SystemI::createSound                     : setdata soundi = 000001794E080AE8 : node = 000001785CEA7710
[LOG] SystemI::createSound                     : add node to async list : head = 00000178A0FA3788.  list count = 0
[LOG] AsyncThread::threadFunc                  : Starting Asynchronous operation on sound 000001794E080AE8
[LOG] SystemI::createSoundInternal             :     Create name='FMODProject/Build/Desktop/SFX.bank', mode=0x02010082
[LOG] SoundI::release                          : Laser Shot Take 2-002 (000001794E080E48)
[LOG] SystemI::createSoundInternal             :     exinfo->cbsize             = 224
[LOG] SoundI::release                          :         Laser Shot Take 2-002 (00000178A0C9DC28)
[LOG] SystemI::createSoundInternal             :         exinfo->length             = 13127264
[LOG] SoundI::release                          :         Laser Shot Take 2-002 (000001794E0B9DE8)
[LOG] SystemI::createSoundInternal             :         exinfo->fileoffset         = 101440
[LOG] SystemI::createSoundInternal             :     exinfo->numsubsounds       = 1
[LOG] SystemI::createSoundInternal             :     exinfo->inclusionlist      = 000001785CEA7820
[LOG] SystemI::createSoundInternal             :     exinfo->inclusionlistnum   = 1
[LOG] SystemI::createSoundInternal             :     exinfo->suggestedsoundtype = 5
[LOG] SystemI::createSoundInternal             :     exinfo->initialseekposition = 1000
[LOG] SystemI::createSoundInternal             :     exinfo->initialseekpostype = 1
[LOG] SystemI::createSoundInternal             :     Stream 0/1: name='Laser Shot Take 2-002', format=5, channels=2, frequency=48000, lengthbytes=11328, lengthpcm=1249236, pcmblocksize=0, loopstart=0, loopend=0, mode=0x00000000, channelmask=0x00000000, channelorder=0, peakvolume=0.665106.
[LOG] AsyncThread::threadFunc                  : Finished Asynchronous operation on sound 000001794E080AE8
[LOG] SystemI::createSound                     : filename = FMODProject/Build/Desktop/SFX.bank : mode 02010082
[LOG] SystemI::createSound                     : FMOD_NONBLOCKING specified.  Putting into queue to be opened asynchronously!
[LOG] SystemI::createSound                     : setdata soundi = 000001794E080C98 : node = 000001795C3A8DE0
[LOG] SystemI::createSound                     : add node to async list : head = 00000178A0FA3788.  list count = 0
[LOG] AsyncThread::threadFunc                  : Starting Asynchronous operation on sound 000001794E080C98
[LOG] SystemI::createSoundInternal             :     Create name='FMODProject/Build/Desktop/SFX.bank', mode=0x02010082
[LOG] SystemI::createSoundInternal             :     exinfo->cbsize             = 224
[LOG] SystemI::createSoundInternal             :     exinfo->length             = 13127264
[LOG] SystemI::createSoundInternal             :     exinfo->fileoffset         = 101440
[LOG] SystemI::createSoundInternal             :     exinfo->numsubsounds       = 1
[LOG] SystemI::createSoundInternal             :     exinfo->inclusionlist      = 000001795C3A8EF0
[LOG] SystemI::createSoundInternal             :     exinfo->inclusionlistnum   = 1
[LOG] SystemI::createSoundInternal             :     exinfo->suggestedsoundtype = 5
[LOG] SystemI::createSoundInternal             :     exinfo->initialseekposition = 1000
[LOG] SystemI::createSoundInternal             :     exinfo->initialseekpostype = 1
[LOG] SystemI::createSoundInternal             :     Stream 0/1: name='Laser Shot Take 2-002', format=5, channels=2, frequency=48000, lengthbytes=11328, lengthpcm=1249236, pcmblocksize=0, loopstart=0, loopend=0, mode=0x00000000, channelmask=0x00000000, channelorder=0, peakvolume=0.665106.
[LOG] AsyncThread::threadFunc                  : Finished Asynchronous operation on sound 000001794E080C98
[LOG] SoundI::release                          : Laser Shot Take 2-002 (000001794E080938)
[LOG] SoundI::release                          :     Laser Shot Take 2-002 (00000178A0C9E108)
[LOG] SoundI::release                          :     Laser Shot Take 2-002 (000001794E0BA4A8)
[LOG] SystemI::createSound                     : filename = FMODProject/Build/Desktop/SFX.bank : mode 02010082
[LOG] SystemI::createSound                     : FMOD_NONBLOCKING specified.  Putting into queue to be opened asynchronously!
[LOG] SystemI::createSound                     : setdata soundi = 000001794E080938 : node = 000001795C3A96A0
[LOG] SystemI::createSound                     : add node to async list : head = 00000178A0FA3788.  list count = 0
[LOG] AsyncThread::threadFunc                  : Starting Asynchronous operation on sound 000001794E080938
[LOG] SystemI::createSoundInternal             :     Create name='FMODProject/Build/Desktop/SFX.bank', mode=0x02010082
[LOG] SystemI::createSoundInternal             :     exinfo->cbsize             = 224
[LOG] SystemI::createSoundInternal             :     exinfo->length             = 13127264
[LOG] SystemI::createSoundInternal             :     exinfo->fileoffset         = 101440
[LOG] SystemI::createSoundInternal             :     exinfo->numsubsounds       = 1
[LOG] SystemI::createSoundInternal             :     exinfo->inclusionlist      = 000001795C3A97B0
[LOG] SystemI::createSoundInternal             :     exinfo->inclusionlistnum   = 1
[LOG] SystemI::createSoundInternal             :     exinfo->suggestedsoundtype = 5
[LOG] SystemI::createSoundInternal             :     exinfo->initialseekposition = 1000
[LOG] SystemI::createSoundInternal             :     exinfo->initialseekpostype = 1
[LOG] SystemI::createSoundInternal             :     Stream 0/1: name='Laser Shot Take 2-002', format=5, channels=2, frequency=48000, lengthbytes=11328, lengthpcm=1249236, pcmblocksize=0, loopstart=0, loopend=0, mode=0x00000000, channelmask=0x00000000, channelorder=0, peakvolume=0.665106.
[LOG] AsyncThread::threadFunc                  : Finished Asynchronous operation on sound 000001794E080938
[LOG] SoundI::release                          : Laser Shot Take 2-002 (000001794E080AE8)
[LOG] SoundI::release                          :     Laser Shot Take 2-002 (00000178A0C9CF28)
[LOG] SoundI::release                          :     Laser Shot Take 2-002 (000001794E0BA658)
[LOG] SystemI::createSound                     : filename = FMODProject/Build/Desktop/SFX.bank : mode 02010082
[LOG] SystemI::createSound                     : FMOD_NONBLOCKING specified.  Putting into queue to be opened asynchronously!
[LOG] SystemI::createSound                     : setdata soundi = 000001794E080AE8 : node = 000001795C3A8F20
[LOG] SystemI::createSound                     : add node to async list : head = 00000178A0FA3788.  list count = 0
[LOG] AsyncThread::threadFunc                  : Starting Asynchronous operation on sound 000001794E080AE8
[LOG] SystemI::createSoundInternal             :     Create name='FMODProject/Build/Desktop/SFX.bank', mode=0x02010082
[LOG] SystemI::createSoundInternal             :     exinfo->cbsize             = 224
[LOG] SystemI::createSoundInternal             :     exinfo->length             = 13127264
[LOG] SystemI::createSoundInternal             :     exinfo->fileoffset         = 101440
[LOG] SystemI::createSoundInternal             :     exinfo->numsubsounds       = 1
[LOG] SystemI::createSoundInternal             :     exinfo->inclusionlist      = 000001795C3A9030
[LOG] SystemI::createSoundInternal             :     exinfo->inclusionlistnum   = 1
[LOG] SystemI::createSoundInternal             :     exinfo->suggestedsoundtype = 5
[LOG] SystemI::createSoundInternal             :     exinfo->initialseekposition = 1000
[LOG] SystemI::createSoundInternal             :     exinfo->initialseekpostype = 1
[LOG] SystemI::createSoundInternal             :     Stream 0/1: name='Laser Shot Take 2-002', format=5, channels=2, frequency=48000, lengthbytes=11328, lengthpcm=1249236, pcmblocksize=0, loopstart=0, loopend=0, mode=0x00000000, channelmask=0x00000000, channelorder=0, peakvolume=0.665106.
[LOG] AsyncThread::threadFunc                  : Finished Asynchronous operation on sound 000001794E080AE8
[LOG] SoundI::release                          : Laser Shot Take 2-002 (000001794E080C98)
[LOG] SoundI::release                          :     Laser Shot Take 2-002 (00000178A0C97768)
[LOG] SoundI::release                          :     Laser Shot Take 2-002 (000001794E0B9C38)
[LOG] SoundI::release                          : Laser Shot Take 2-002 (000001794E080938)
[LOG] SoundI::release                          :     Laser Shot Take 2-002 (00000178A0C9D8E8)
[LOG] SoundI::release                          :     Laser Shot Take 2-002 (000001794E0BA4A8)
[LOG] SoundI::release                          : Laser Shot Take 2-002 (000001794E080AE8)
[LOG] SoundI::release                          :     Laser Shot Take 2-002 (00000178A0C95BC8)
[LOG] SoundI::release                          :     Laser Shot Take 2-002 (000001794E0B9DE8)
[LOG] SoundI::release                          : Wind-Picking Up Wind (000001794E081508)
[LOG] SoundI::release                          :     Wind-Picking Up Wind (00000178A0C97AA8)
[LOG] SoundI::release                          :     Wind-Picking Up Wind (000001794E0B9A88)
[LOG] SoundI::release                          : Rain-001 (000001794E67D7C8)
[LOG] SoundI::release                          :     Rain-001 (000001795CAD8118)
[LOG] SoundI::release                          :     Rain-001 (0000017975137F98)
[LOG] SoundI::release                          : Wind-Most Calm Wind (000001794E67D618)
[LOG] SoundI::release                          :     Wind-Most Calm Wind (000001795CAD9158)
[LOG] SoundI::release                          :     Wind-Most Calm Wind (00000179751358C8)
[LOG] SoundI::release                          : Wind-Calm Wind (000001794E67D468)
[LOG] SoundI::release                          :     Wind-Calm Wind (000001795CAD1AB8)
[LOG] SoundI::release                          :     Wind-Calm Wind (00000179751362E8)
[LOG] SoundI::release                          : Companion Movement-011 (000001785B5AF058)
[LOG] SoundI::release                          :     Companion Movement-011 (00000178A0C9D268)
[LOG] SoundI::release                          :     Companion Movement-011 (000001794E0BA148)
[LOG] SoundI::release                          : Companion Movement-011 (000001785B5AEEA8)
[LOG] SoundI::release                          :     Companion Movement-011 (00000178A0C9EE08)
[LOG] SoundI::release                          :     Companion Movement-011 (000001794E0BA2F8)
[LOG] SoundI::release                          : Companion Movement-011 (000001785B5AEB48)
[LOG] SoundI::release                          :     Companion Movement-011 (00000178A0C994A8)
[LOG] SoundI::release                          :     Companion Movement-011 (000001794E0BA808)
[LOG] SoundI::release                          :  (000001785BA920D8)
[LOG] SoundI::release                          :     Metal Footsteps-001 (00000178A1DD3538)
[LOG] SoundI::release                          :  (000001796CB80058)
[LOG] SoundI::release                          :     Metal Footsteps-002 (000001794EC83878)
[LOG] SoundI::release                          :  (0000017855E7A4A8)
[LOG] SoundI::release                          :     Metal Footsteps-003 (000001794EC8B598)
[LOG] SoundI::release                          :  (000001785CB18E18)
[LOG] SoundI::release                          :     Metal Footsteps-004 (000001794EC821B8)
[LOG] SoundI::release                          :  (000001796CB7FA98)
[LOG] SoundI::release                          :     Metal Footsteps-005 (000001794EC7FAB8)
[LOG] SoundI::release                          :  (000001796CB7FEE8)
[LOG] SoundI::release                          :     Metal Footsteps-006 (000001794EC814B8)
[LOG] SoundI::release                          :  (000001785BA923B8)
[LOG] SoundI::release                          :     Metal Footsteps-007 (000001794EC7F0F8)
[LOG] SoundI::release                          :  (000001785CB19828)
[LOG] SoundI::release                          :     Metal Footsteps-008 (000001794EC81E78)
[LOG] SoundI::release                          :  (000001785BA91278)
[LOG] SoundI::release                          :     Metal Footsteps-009 (000001794EC7E738)
[LOG] SoundI::release                          :  (000001785CB193D8)
[LOG] SoundI::release                          :     Metal Footsteps-010 (000001794EC82EB8)
[LOG] SoundI::release                          :  (000001785CB190F8)
[LOG] SoundI::release                          :     Metal Footsteps-011 (000001794EC7EDB8)
[LOG] SoundI::release                          :  (000001785CB19268)
[LOG] SoundI::release                          :     Metal Footsteps-012 (000001794EC829D8)
[LOG] SoundI::release                          :  (000001785BA90B48)
[LOG] SoundI::release                          :     Metal Footsteps-013 (00000178A1DD02D8)
[LOG] SoundI::release                          :  (0000017855E78AC8)
[LOG] SoundI::release                          :     Metal Footsteps-014 (000001794EC7E258)
[LOG] SoundI::release                          :  (000001796CB7F4D8)
[LOG] SoundI::release                          :     Metal Footsteps-015 (000001794EC7DBD8)
[LOG] SoundI::release                          :  (000001785BA916C8)
[LOG] SoundI::release                          :     Metal Footsteps-016 (000001794EC83BB8)
[LOG] SoundI::release                          :  (0000017855E79A98)
[LOG] SoundI::release                          :     Metal Footsteps-017 (000001794EC8B258)
[LOG] SoundI::release                          :  (000001796CB7F648)
[LOG] SoundI::release                          :     Sand Footsteps-001 (000001794EC7FDF8)
[LOG] SoundI::release                          :  (000001785BA91B18)
[LOG] SoundI::release                          :     Sand Footsteps-002 (00000178A1DD21B8)
[LOG] SoundI::release                          :  (000001766AC7A3D8)
[LOG] SoundI::release                          :     Sand Footsteps-003 (000001794EC83398)
[LOG] SoundI::release                          :  (000001785BA906F8)
[LOG] SoundI::release                          :     Sand Footsteps-004 (00000178A1DD5C38)
[LOG] SoundI::release                          :  (0000017855E7A788)
[LOG] SoundI::release                          :     Sand Footsteps-005 (000001794EC81658)
[LOG] SoundI::release                          :  (000001796CB7F7B8)
[LOG] SoundI::release                          :     Sand Footsteps-006 (000001794EC7E3F8)
[LOG] SoundI::release                          :  (000001785CB19998)
[LOG] SoundI::release                          :     Sand Footsteps-007 (000001794EC80E38)
[LOG] SoundI::release                          :  (000001785CB18F88)
[LOG] SoundI::release                          :     Sand Footsteps-008 (000001794EC81CD8)
[LOG] SoundI::release                          :  (000001785BA90E28)
[LOG] SoundI::release                          :     Sand Footsteps-009 (000001794EC82018)
[LOG] SoundI::release                          :  (000001785BA909D8)
[LOG] SoundI::release                          :     Sand Footsteps-010 (000001794EC889B8)
[LOG] SoundI::release                          :  (000001785BA919A8)
[LOG] SoundI::release                          :     Sand Footsteps-011 (000001794EC7DF18)
[LOG] SoundI::release                          :  (000001785BA90868)
[LOG] SoundI::release                          :     Sand Footsteps-012 (00000178A1DD4718)
[LOG] SoundI::release                          :  (000001785BA92248)
[LOG] SoundI::release                          :     Sand Footsteps-013 (000001794EC82358)
[LOG] SoundI::release                          :  (000001785BA913E8)
[LOG] SoundI::release                          :     Rock Footsteps-001 (00000178A1DD17F8)
[LOG] SoundI::release                          :  (000001796CB7F928)
[LOG] SoundI::release                          :     Rock Footsteps-002 (000001794EC81B38)
[LOG] SoundI::release                          :  (000001785BA91DF8)
[LOG] SoundI::release                          :     Rock Footsteps-003 (00000178A1DD4A58)
[LOG] SoundI::release                          :  (000001785BA91558)
[LOG] SoundI::release                          :     Rock Footsteps-004 (00000178A1DD1178)
[LOG] SoundI::release                          :  (000001796CB7F368)
[LOG] SoundI::release                          :     Rock Footsteps-005 (000001794EC824F8)
[LOG] SoundI::release                          :  (000001785BA91108)
[LOG] SoundI::release                          :     Rock Footsteps-006 (00000178A1DCFC58)
[LOG] SoundI::release                          :  (000001785CB196B8)
[LOG] SoundI::release                          :     Rock Footsteps-007 (000001794EC81178)
[LOG] SoundI::release                          :  (000001796CB7FD78)
[LOG] SoundI::release                          :     Rock Footsteps-008 (000001794EC7FC58)
[LOG] SoundI::release                          :  (000001796CB7FC08)
[LOG] SoundI::release                          :     Rock Footsteps-009 (000001794EC80138)
[LOG] SoundI::release                          :  (0000017855E7A8F8)
[LOG] SoundI::release                          :     Rock Footsteps-010 (000001794EC7FF98)
[LOG] SoundI::release                          :  (000001785BA90F98)
[LOG] SoundI::release                          :     Rock Footsteps-011 (00000178A1DD29D8)
[LOG] SoundI::release                          :  (000001785CB18CA8)
[LOG] SoundI::release                          :     Rock Footsteps-012 (000001794EC80958)
[LOG] SoundI::release                          :  (000001785CB19548)
[LOG] SoundI::release                          :     Rock Footsteps-013 (000001794EC81998)
[LOG] SoundI::release                          :  (000001785BA91F68)
[LOG] SoundI::release                          :     Rock Footsteps-014 (000001794EC82D18)
[LOG] SoundI::release                          :  (000001785BA92528)
[LOG] SoundI::release                          :     Rock Footsteps-015 (00000178A1DD5278)
[LOG] SoundI::release                          :  (000001785BA91838)
[LOG] SoundI::release                          :     Rock Footsteps-016 (00000178A1DD1B38)
[LOG] SoundI::release                          :  (0000017855E7A338)
[LOG] SoundI::release                          :     Rock Footsteps-017 (000001794EC8D618)
[LOG] SoundI::release                          :  (000001785BA91C88)
[LOG] SoundI::release                          :     Rock Footsteps-018 (00000178A1DCF918)
[LOG] SoundI::release                          :  (000001785BA90CB8)
[LOG] SoundI::release                          :     Rock Footsteps-019 (000001794EC831F8)
[LOG] SoundI::release                          :  (000001785B4B28F8)
[LOG] SoundI::release                          :     Laser Shot Take 2-001 (0000017855EE39E8)
[LOG] SoundI::release                          :  (0000017640714C38)
[LOG] SoundI::release                          :     Projectiles Enemy-001 (0000017855EE11B8)
[LOG] SoundI::release                          :  (000001795D16D0B8)
[LOG] SoundI::release                          :     Projectiles Enemy-002 (000001766AD32E28)
[LOG] SoundI::release                          :  (000001785B4B2338)
[LOG] SoundI::release                          :     Projectiles Enemy-003 (000001785C3AAA48)
[LOG] SoundI::release                          :  (000001785B4B2788)
[LOG] SoundI::release                          :     Projectiles Enemy-004 (0000017855EE53E8)
[LOG] SoundI::release                          :  (000001785B4B3308)
[LOG] SoundI::release                          :     Projectiles Enemy-005 (000001785C3A7CC8)
[LOG] SoundI::release                          :  (000001785B4B1EE8)
[LOG] SoundI::release                          :     Projectiles Enemy-006 (000001785C3AB748)
[LOG] SoundI::release                          :  (000001796C48D0A8)
[LOG] SoundI::release                          :     Projectiles Enemy-007 (000001785C3A9388)
[LOG] SoundI::release                          :  (000001796C48DD98)
[LOG] SoundI::release                          :     Projectiles Metal-001 (00000178A1DD3058)
[LOG] SoundI::release                          :  (0000017640715928)
[LOG] SoundI::release                          :     Projectiles Metal-002 (0000017850C7DDA8)
[LOG] SoundI::release                          :  (000001796C48DC28)
[LOG] SoundI::release                          :     Projectiles Metal-003 (00000178A1DD7158)
[LOG] SoundI::release                          :  (000001796C48D668)
[LOG] SoundI::release                          :     Projectiles Rock-001 (00000178A1DD4BF8)
[LOG] SoundI::release                          :  (000001795D1708C8)
[LOG] SoundI::release                          :     Projectiles Rock-002 (000001785117AF18)
[LOG] SoundI::release                          :  (000001796C48DAB8)
[LOG] SoundI::release                          :     Projectiles Rock-003 (00000178A1DD6AD8)
[LOG] SoundI::release                          :  (0000017640714398)
[LOG] SoundI::release                          :     Projectiles Plant-001 (0000017855EE24C8)
[LOG] SoundI::release                          :  (000001796C48D948)
[LOG] SoundI::release                          :     Projectiles Plant-002 (00000178A1DD6E18)
[LOG] SoundI::release                          :  (000001795D16EEE8)
[LOG] SoundI::release                          :     Projectiles Sand-001 (000001795CAD7278)
[LOG] SoundI::release                          :  (000001795D16D508)
[LOG] SoundI::release                          :     Projectiles Sand-002 (000001795CAD7418)
[LOG] SoundI::release                          :  (00000176407157B8)
[LOG] SoundI::release                          :     Projectiles Sand-003 (0000017855EDFC98)
[LOG] SoundI::release                          :  (0000017640715088)
[LOG] SoundI::release                          :     Projectiles Sand-004 (0000017850C7D728)
[LOG] SoundI::release                          :  (000001785B4B35E8)
[LOG] SoundI::release                          :     Companion ChitChat-004 (000001785C3A8B68)
[LOG] SoundI::release                          :  (0000017640715C08)
[LOG] SoundI::release                          :     Companion ChitChat-003 (0000017855EE4208)
[LOG] SoundI::release                          :  (000001795D16E7B8)
[LOG] SoundI::release                          :     Companion ChitChat-001 (000001795CAD1C58)
[LOG] SoundI::release                          :  (000001795D16E368)
[LOG] SoundI::release                          :     Companion ChitChat-002 (000001795CAD2C98)
[LOG] SoundI::release                          :  (000001795D16D398)
[LOG] SoundI::release                          :     GoldWormDamaged-002 (000001795CAD49D8)
[LOG] SoundI::release                          :  (0000017640714228)
[LOG] SoundI::release                          :     GoldWormDamaged-001 (0000017855EE2808)
[LOG] SoundI::release                          :  (000001795D170308)
[LOG] SoundI::release                          :     Menu Button Enter-001 (000001795CAD6238)
[LOG] SoundI::release                          :  (0000017640715368)
[LOG] SoundI::release                          :     Menu Button Enter-002 (0000017855EE0178)
[LOG] SoundI::release                          :  (000001795D16DAC8)
[LOG] SoundI::release                          :     Menu Button Press Exit-001 (000001795CAD6A58)
[LOG] SoundI::release                          :  (000001796C48C808)
[LOG] SoundI::release                          :     Menu Button Press Exit-002 (000001785C3AA088)
[LOG] SoundI::release                          :  (00000176407151F8)
[LOG] SoundI::release                          :     Menu StartUp-002 (0000017850C7E908)
[LOG] SoundI::release                          :  (000001795D16D228)
[LOG] SoundI::release                          :     Menu Exit-002 (000001795CAD3318)
[LOG] SoundI::release                          :  (000001795D16E928)
[LOG] SoundI::release                          :     Menu Exit-001 (000001795CAD3B38)
[LOG] SoundI::release                          :  (000001795D16D958)
[LOG] SoundI::release                          :     Menu StartUp-001 (000001795CAD1918)
[LOG] SoundI::release                          :  (000001796C48CDC8)
[LOG] SoundI::release                          :     Ant (00000178A1DD0478)
[LOG] SoundI::release                          :  (000001785B4B3028)
[LOG] SoundI::release                          :     GoldWormDie (000001785C3A89C8)
[LOG] SoundI::release                          :  (000001796C48C0D8)
[LOG] SoundI::release                          :     Companion-Alarm-003 (00000178A1DD1CD8)
[LOG] SoundI::release                          :  (000001795D16FD48)
[LOG] SoundI::release                          :     Companion-Alarm-002 (000001795CAD5398)
[LOG] SoundI::release                          :  (000001795D16F1C8)
[LOG] SoundI::release                          :     Companion-Alarm-001 (000001795CAD70D8)
[LOG] SoundI::release                          :  (000001785B4B2058)
[LOG] SoundI::release                          :     Geiger 01 (000001785C3AD968)
[LOG] SoundI::release                          :  (000001785B4B1C08)
[LOG] SoundI::release                          :     Geiger 02 (0000017855EE2668)
[LOG] SoundI::release                          :  (000001785B4B2A68)
[LOG] SoundI::release                          :     Geiger 03 (000001785C3A8EA8)
[LOG] SoundI::release                          :  (000001796C48C248)
[LOG] SoundI::release                          :     Geiger 04 (00000178A1DD65F8)
[LOG] SoundI::release                          :  (000001796C48C698)
[LOG] SoundI::release                          :     Geiger 05 (000001785C3AA568)
[LOG] SoundI::release                          :  (000001795D16CDD8)
[LOG] SoundI::release                          :     Geiger 06 (000001768B58FC28)
[LOG] SoundI::release                          :  (0000017640715648)
[LOG] SoundI::release                          :     Geiger 07 (0000017850C7E768)
[LOG] SoundI::release                          :  (000001785B4B1D78)
[LOG] SoundI::release                          :     Geiger 08 (0000017855EE3508)
[LOG] SoundI::release                          :  (000001796C48CC58)
[LOG] SoundI::release                          :     Geiger 09 (00000178A1DD72F8)
[LOG] SoundI::release                          :  (000001785B4B1A98)
[LOG] SoundI::release                          :     Geiger 10 (000001785C3A6FC8)
[LOG] SoundI::release                          :  (0000017640715A98)
[LOG] SoundI::release                          :     Geiger 11 (0000017855EE17C8)
[LOG] SoundI::release                          :  (000001785B4B24A8)
[LOG] SoundI::release                          :     Geiger 12 (000001785C3AABE8)
[LOG] SoundI::release                          :  (000001785B4B3478)
[LOG] SoundI::release                          :     Geiger 13 (000001785C3A81A8)
[LOG] SoundI::release                          :  (000001795D16CF48)
[LOG] SoundI::release                          :     Geiger 14 (000001795CAD2478)
[LOG] SoundI::release                          :  (000001795D16EC08)
[LOG] SoundI::release                          :     Geiger 15 (0000017850C7DC08)
[LOG] SoundI::release                          :  (000001785B4B21C8)
[LOG] SoundI::release                          :     Geiger 16 (000001785C3A7E68)
[LOG] SoundI::release                          :  (0000017640715D78)
[LOG] SoundI::release                          :     Geiger 17 (0000017855EE1FE8)
[LOG] SoundI::release                          :  (000001795D16D7E8)
[LOG] SoundI::release                          :     Geiger 18 (000001766AD32948)
[LOG] SoundI::release                          :  (000001785B4B2618)
[LOG] SoundI::release                          :     Geiger 19 (000001785C3ACE08)
[LOG] SoundI::release                          :  (000001795D170A38)
[LOG] SoundI::release                          :     Geiger 20 (000001768B6BA3D8)
[LOG] SoundI::release                          :  (00000176407147E8)
[LOG] SoundI::release                          :     Geiger 21 (0000017855EE0CD8)
[LOG] SoundI::release                          :  (0000017640714AC8)
[LOG] SoundI::release                          :     Geiger 22 (0000017855EE0658)
[LOG] SoundI::release                          :  (00000176407140B8)
[LOG] SoundI::release                          :     Geiger 23 (0000017855EE1968)
[LOG] SoundI::release                          :  (000001785B4B2EB8)
[LOG] SoundI::release                          :     Geiger 24 (000001785C3AC108)
[LOG] SoundI::release                          :  (0000017640714DA8)
[LOG] SoundI::release                          :     Geiger 25 (0000017855EE0318)
[LOG] SoundI::release                          :  (000001795D16F338)
[LOG] SoundI::release                          :     Geiger 26 (000001795CAD2958)
[LOG] SoundI::release                          :  (000001795D16E4D8)
[LOG] SoundI::release                          :     Geiger 27 (000001795CAD6BF8)
[LOG] SoundI::release                          :  (000001795D16FA68)
[LOG] SoundI::release                          :     Geiger 28 (000001795CAD6578)
[LOG] SoundI::release                          :  (000001796C48D4F8)
[LOG] SoundI::release                          :     Geiger 29 (00000178A1DCFAB8)
[LOG] SoundI::release                          :  (000001795D170198)
[LOG] SoundI::release                          :     Geiger 30 (000001795CAD5538)
[LOG] SoundI::release                          :  (000001796C48CF38)
[LOG] SoundI::release                          :     Geiger 31 (00000178A1DD55B8)
[LOG] SoundI::release                          :  (000001796C48CAE8)
[LOG] SoundI::release                          :     Geiger 32 (000001785C3AB268)
[LOG] SoundI::release                          :  (000001795D16ED78)
[LOG] SoundI::release                          :     Geiger 33 (000001795CAD41B8)
[LOG] SoundI::release                          :  (0000017640714F18)
[LOG] SoundI::release                          :     Geiger 34 (0000017850C7E0E8)
[LOG] SoundI::release                          :  (000001796C48D7D8)
[LOG] SoundI::release                          :     Geiger 35 (00000178A1DD7638)
[LOG] SoundI::release                          :  (000001796C48D218)
[LOG] SoundI::release                          :     Geiger 36 (00000178A1DD07B8)
[LOG] SoundI::release                          :  (000001796C48C978)
[LOG] SoundI::release                          :     Geiger 37 (000001785C3ACAC8)
[LOG] SoundI::release                          :  (0000017640714508)
[LOG] SoundI::release                          :     Geiger 38 (0000017855EDF958)
[LOG] SoundI::release                          :  (000001796C48D388)
[LOG] SoundI::release                          :     Geiger 39 (00000178A1DD0E38)
[LOG] SoundI::release                          :  (000001785B4B3198)
[LOG] SoundI::release                          :     Geiger 40 (000001785C3A7B28)
[LOG] SoundI::release                          :  (000001795D16E1F8)
[LOG] SoundI::release                          :     Geiger 41 (000001766AD33648)
[LOG] SoundI::release                          :  (000001795D16EA98)
[LOG] SoundI::release                          :     Geiger 42 (000001795CAD5BB8)
[LOG] SoundI::release                          :  (0000017640715EE8)
[LOG] SoundI::release                          :     Geiger 43 (0000017855EE50A8)
[LOG] SoundI::release                          :  (00000176407154D8)
[LOG] SoundI::release                          :     Geiger 44 (0000017855EDFFD8)
[LOG] SoundI::release                          :  (000001795D170028)
[LOG] SoundI::release                          :     Geiger 45 (000001795CAD37F8)
[LOG] SoundI::release                          :  (000001785B4B2BD8)
[LOG] SoundI::release                          :     Geiger 46 (000001785C3A8348)
[LOG] SoundI::release                          :  (000001796C48C3B8)
[LOG] SoundI::release                          :     Geiger 47 (00000178A1DD3EF8)
[LOG] SoundI::release                          :  (000001795D16F4A8)
[LOG] SoundI::release                          :     Geiger 48 (000001795CAD3658)
[LOG] SoundI::release                          :  (000001795D170BA8)
[LOG] SoundI::release                          :     Geiger 49 (000001785117B8D8)
[LOG] SoundI::release                          :  (000001795D170758)
[LOG] SoundI::release                          :     Geiger 50 (000001785117AD78)
[LOG] SoundI::release                          :  (000001795D170478)
[LOG] SoundI::release                          :     Geiger 51 (000001795CAD7F78)
[LOG] SoundI::release                          :  (000001795D16F058)
[LOG] SoundI::release                          :     Geiger 52 (000001795CAD6F38)
[LOG] SoundI::release                          :  (000001795D16DF18)
[LOG] SoundI::release                          :     Geiger 53 (000001795CAD2E38)
[LOG] SoundI::release                          :  (0000017640714958)
[LOG] SoundI::release                          :     Companion Scan-001 (0000017855EE1B08)
[LOG] SoundI::release                          :  (000001785B4B38C8)
[LOG] SoundI::release                          :     Companion Scan-002 (000001785C3A8688)
[LOG] SoundI::release                          :  (000001795D16DDA8)
[LOG] SoundI::release                          :     Companion Movement-009 (000001768B58F5A8)
[LOG] SoundI::release                          :  (000001795D16E088)
[LOG] SoundI::release                          :     Companion Movement-002 (0000017850C7DA68)
[LOG] SoundI::release                          :  (000001796C48DF08)
[LOG] SoundI::release                          :     Companion Movement-010 (00000178A1DD4238)
[LOG] SoundI::release                          :  (000001795D16E648)
[LOG] SoundI::release                          :     Companion Movement-008 (000001795CAD5878)
[LOG] SoundI::release                          :  (000001785B4B3758)
[LOG] SoundI::release                          :     Companion Movement-001 (0000017855EE3368)
[LOG] SoundI::release                          :  (000001795D16D678)
[LOG] SoundI::release                          :     Companion Movement-003 (0000017850C7D3E8)
[LOG] SoundI::release                          :  (000001796C48C528)
[LOG] SoundI::release                          :     Companion Movement-005 (00000178A1DD6458)
[LOG] SoundI::release                          :  (0000017640714678)
[LOG] SoundI::release                          :     Companion Movement-006 (0000017855EE0B38)
[LOG] SoundI::release                          :  (000001785B4B2D48)
[LOG] SoundI::release                          :     Companion Movement-007 (000001785C3AD148)
[LOG] SoundI::release                          :  (000001795D16DC38)
[LOG] SoundI::release                          :     Companion Movement-004 (000001795CAD3CD8)
[LOG] Thread::callback                         : FMOD Studio update thread finished.
[LOG] Thread::callback                         : FMOD Studio bank load thread finished.
[LOG] Profile::disconnectAll                   : Profiler disconnecting all clients
[LOG] Thread::callback                         : FMOD Studio sample load thread finished.
[LOG] LiveUpdate::release                      : 
[LOG] LiveUpdate::reset                        : Reset connection (reason Disconnected)
[LOG] Thread::callback                         : FMOD stream thread finished.
[LOG] Thread::callback                         : FMOD mixer thread finished.
[LOG] Profile::disconnectAll                   : Profiler disconnecting all clients
[LOG] SystemI::close                           : Closed.
[LOG] Manager::readBank                        : fileversion = 142, compatVersion = 140 (oldest = 44, newest = 141)
[LOG] Manager::readBank                        : fileversion = 142, compatVersion = 140 (oldest = 44, newest = 141)
[LOG] Manager::readBank                        : fileversion = 142, compatVersion = 140 (oldest = 44, newest = 141)
[LOG] PluginEffectModel::init                  : Missing DSP plugin 'Resonance Audio Listener'
[LOG] PostLoad::initPluginEffects              : Creating stub DSP plugin model and continuing.
[WRN] EffectInstanceFactory::create            : Creating stub DSP for plugin 'Resonance Audio Listener'
[LOG] PlaybackSystem::acquireMasterBus         : Setting master channel group format to 3
[LOG] Manager::readBank                        : fileversion = 142, compatVersion = 140 (oldest = 44, newest = 141)
[LOG] PluginEffectModel::init                  : Missing DSP plugin 'Resonance Audio Source'
[LOG] PostLoad::initPluginEffects              : Creating stub DSP plugin model and continuing.
[LOG] PluginEffectModel::init                  : Missing DSP plugin 'Resonance Audio Source'
[LOG] PostLoad::initPluginEffects              : Creating stub DSP plugin model and continuing.
[LOG] PluginEffectModel::init                  : Missing DSP plugin 'Resonance Audio Source'
[LOG] PostLoad::initPluginEffects              : Creating stub DSP plugin model and continuing.
[LOG] PluginEffectModel::init                  : Missing DSP plugin 'Resonance Audio Source'
[LOG] PostLoad::initPluginEffects              : Creating stub DSP plugin model and continuing.
[LOG] PluginEffectModel::init                  : Missing DSP plugin 'Resonance Audio Source'
[LOG] PostLoad::initPluginEffects              : Creating stub DSP plugin model and continuing.
[LOG] PluginEffectModel::init                  : Missing DSP plugin 'Resonance Audio Source'
[LOG] PostLoad::initPluginEffects              : Creating stub DSP plugin model and continuing.
[LOG] PluginEffectModel::init                  : Missing DSP plugin 'Resonance Audio Source'
[LOG] PostLoad::initPluginEffects              : Creating stub DSP plugin model and continuing.
[LOG] PluginEffectModel::init                  : Missing DSP plugin 'Resonance Audio Source'
[LOG] PostLoad::initPluginEffects              : Creating stub DSP plugin model and continuing.
